<?xml version="1.0" encoding="UTF-8"?>
<testsuite xmlns:xsi="http://www.w3.org/2001/XMLSchema-instance" xsi:noNamespaceSchemaLocation="https://maven.apache.org/surefire/maven-surefire-plugin/xsd/surefire-test-report.xsd" name="rs.ac.uns.ftn.gateway.gateway.GatewayApplicationTests" time="3.41" tests="1" errors="0" skipped="0" failures="0">
  <properties>
    <property name="sun.desktop" value="gnome"/>
    <property name="awt.toolkit" value="sun.awt.X11.XToolkit"/>
    <property name="file.encoding.pkg" value="sun.io"/>
    <property name="java.specification.version" value="1.8"/>
    <property name="sun.cpu.isalist" value=""/>
    <property name="sun.jnu.encoding" value="UTF-8"/>
    <property name="java.class.path" value="/home/stefan/primer1-xws/services/Gateway/target/test-classes:/home/stefan/primer1-xws/services/Gateway/target/classes:/home/stefan/.m2/repository/org/springframework/boot/spring-boot-starter/2.2.6.RELEASE/spring-boot-starter-2.2.6.RELEASE.jar:/home/stefan/.m2/repository/org/springframework/boot/spring-boot/2.2.6.RELEASE/spring-boot-2.2.6.RELEASE.jar:/home/stefan/.m2/repository/org/springframework/spring-context/5.2.5.RELEASE/spring-context-5.2.5.RELEASE.jar:/home/stefan/.m2/repository/org/springframework/spring-aop/5.2.5.RELEASE/spring-aop-5.2.5.RELEASE.jar:/home/stefan/.m2/repository/org/springframework/spring-beans/5.2.5.RELEASE/spring-beans-5.2.5.RELEASE.jar:/home/stefan/.m2/repository/org/springframework/spring-expression/5.2.5.RELEASE/spring-expression-5.2.5.RELEASE.jar:/home/stefan/.m2/repository/org/springframework/boot/spring-boot-autoconfigure/2.2.6.RELEASE/spring-boot-autoconfigure-2.2.6.RELEASE.jar:/home/stefan/.m2/repository/org/springframework/boot/spring-boot-starter-logging/2.2.6.RELEASE/spring-boot-starter-logging-2.2.6.RELEASE.jar:/home/stefan/.m2/repository/ch/qos/logback/logback-classic/1.2.3/logback-classic-1.2.3.jar:/home/stefan/.m2/repository/ch/qos/logback/logback-core/1.2.3/logback-core-1.2.3.jar:/home/stefan/.m2/repository/org/apache/logging/log4j/log4j-to-slf4j/2.12.1/log4j-to-slf4j-2.12.1.jar:/home/stefan/.m2/repository/org/apache/logging/log4j/log4j-api/2.12.1/log4j-api-2.12.1.jar:/home/stefan/.m2/repository/org/slf4j/jul-to-slf4j/1.7.30/jul-to-slf4j-1.7.30.jar:/home/stefan/.m2/repository/jakarta/annotation/jakarta.annotation-api/1.3.5/jakarta.annotation-api-1.3.5.jar:/home/stefan/.m2/repository/org/springframework/spring-core/5.2.5.RELEASE/spring-core-5.2.5.RELEASE.jar:/home/stefan/.m2/repository/org/springframework/spring-jcl/5.2.5.RELEASE/spring-jcl-5.2.5.RELEASE.jar:/home/stefan/.m2/repository/org/yaml/snakeyaml/1.25/snakeyaml-1.25.jar:/home/stefan/.m2/repository/org/springframework/cloud/spring-cloud-starter-gateway/2.2.2.RELEASE/spring-cloud-starter-gateway-2.2.2.RELEASE.jar:/home/stefan/.m2/repository/org/springframework/cloud/spring-cloud-starter/2.2.2.RELEASE/spring-cloud-starter-2.2.2.RELEASE.jar:/home/stefan/.m2/repository/org/springframework/cloud/spring-cloud-context/2.2.2.RELEASE/spring-cloud-context-2.2.2.RELEASE.jar:/home/stefan/.m2/repository/org/springframework/security/spring-security-crypto/5.2.2.RELEASE/spring-security-crypto-5.2.2.RELEASE.jar:/home/stefan/.m2/repository/org/springframework/cloud/spring-cloud-commons/2.2.2.RELEASE/spring-cloud-commons-2.2.2.RELEASE.jar:/home/stefan/.m2/repository/org/springframework/security/spring-security-rsa/1.0.9.RELEASE/spring-security-rsa-1.0.9.RELEASE.jar:/home/stefan/.m2/repository/org/bouncycastle/bcpkix-jdk15on/1.64/bcpkix-jdk15on-1.64.jar:/home/stefan/.m2/repository/org/bouncycastle/bcprov-jdk15on/1.64/bcprov-jdk15on-1.64.jar:/home/stefan/.m2/repository/org/springframework/cloud/spring-cloud-gateway-core/2.2.2.RELEASE/spring-cloud-gateway-core-2.2.2.RELEASE.jar:/home/stefan/.m2/repository/io/projectreactor/addons/reactor-extra/3.3.3.RELEASE/reactor-extra-3.3.3.RELEASE.jar:/home/stefan/.m2/repository/io/projectreactor/reactor-core/3.3.4.RELEASE/reactor-core-3.3.4.RELEASE.jar:/home/stefan/.m2/repository/org/reactivestreams/reactive-streams/1.0.3/reactive-streams-1.0.3.jar:/home/stefan/.m2/repository/org/springframework/boot/spring-boot-starter-webflux/2.2.6.RELEASE/spring-boot-starter-webflux-2.2.6.RELEASE.jar:/home/stefan/.m2/repository/org/springframework/boot/spring-boot-starter-json/2.2.6.RELEASE/spring-boot-starter-json-2.2.6.RELEASE.jar:/home/stefan/.m2/repository/com/fasterxml/jackson/datatype/jackson-datatype-jdk8/2.10.3/jackson-datatype-jdk8-2.10.3.jar:/home/stefan/.m2/repository/com/fasterxml/jackson/module/jackson-module-parameter-names/2.10.3/jackson-module-parameter-names-2.10.3.jar:/home/stefan/.m2/repository/org/springframework/boot/spring-boot-starter-reactor-netty/2.2.6.RELEASE/spring-boot-starter-reactor-netty-2.2.6.RELEASE.jar:/home/stefan/.m2/repository/io/projectreactor/netty/reactor-netty/0.9.6.RELEASE/reactor-netty-0.9.6.RELEASE.jar:/home/stefan/.m2/repository/io/netty/netty-codec-http/4.1.48.Final/netty-codec-http-4.1.48.Final.jar:/home/stefan/.m2/repository/io/netty/netty-common/4.1.48.Final/netty-common-4.1.48.Final.jar:/home/stefan/.m2/repository/io/netty/netty-buffer/4.1.48.Final/netty-buffer-4.1.48.Final.jar:/home/stefan/.m2/repository/io/netty/netty-transport/4.1.48.Final/netty-transport-4.1.48.Final.jar:/home/stefan/.m2/repository/io/netty/netty-codec/4.1.48.Final/netty-codec-4.1.48.Final.jar:/home/stefan/.m2/repository/io/netty/netty-codec-http2/4.1.48.Final/netty-codec-http2-4.1.48.Final.jar:/home/stefan/.m2/repository/io/netty/netty-handler/4.1.48.Final/netty-handler-4.1.48.Final.jar:/home/stefan/.m2/repository/io/netty/netty-resolver/4.1.48.Final/netty-resolver-4.1.48.Final.jar:/home/stefan/.m2/repository/io/netty/netty-handler-proxy/4.1.48.Final/netty-handler-proxy-4.1.48.Final.jar:/home/stefan/.m2/repository/io/netty/netty-codec-socks/4.1.48.Final/netty-codec-socks-4.1.48.Final.jar:/home/stefan/.m2/repository/io/netty/netty-transport-native-epoll/4.1.48.Final/netty-transport-native-epoll-4.1.48.Final-linux-x86_64.jar:/home/stefan/.m2/repository/io/netty/netty-transport-native-unix-common/4.1.48.Final/netty-transport-native-unix-common-4.1.48.Final.jar:/home/stefan/.m2/repository/org/glassfish/jakarta.el/3.0.3/jakarta.el-3.0.3.jar:/home/stefan/.m2/repository/org/springframework/boot/spring-boot-starter-validation/2.2.6.RELEASE/spring-boot-starter-validation-2.2.6.RELEASE.jar:/home/stefan/.m2/repository/jakarta/validation/jakarta.validation-api/2.0.2/jakarta.validation-api-2.0.2.jar:/home/stefan/.m2/repository/org/hibernate/validator/hibernate-validator/6.0.18.Final/hibernate-validator-6.0.18.Final.jar:/home/stefan/.m2/repository/org/jboss/logging/jboss-logging/3.4.1.Final/jboss-logging-3.4.1.Final.jar:/home/stefan/.m2/repository/com/fasterxml/classmate/1.5.1/classmate-1.5.1.jar:/home/stefan/.m2/repository/org/springframework/spring-web/5.2.5.RELEASE/spring-web-5.2.5.RELEASE.jar:/home/stefan/.m2/repository/org/springframework/spring-webflux/5.2.5.RELEASE/spring-webflux-5.2.5.RELEASE.jar:/home/stefan/.m2/repository/org/synchronoss/cloud/nio-multipart-parser/1.1.0/nio-multipart-parser-1.1.0.jar:/home/stefan/.m2/repository/org/synchronoss/cloud/nio-stream-storage/1.1.3/nio-stream-storage-1.1.3.jar:/home/stefan/.m2/repository/org/springframework/cloud/spring-cloud-starter-consul-all/2.2.2.RELEASE/spring-cloud-starter-consul-all-2.2.2.RELEASE.jar:/home/stefan/.m2/repository/org/springframework/cloud/spring-cloud-starter-consul-bus/2.2.2.RELEASE/spring-cloud-starter-consul-bus-2.2.2.RELEASE.jar:/home/stefan/.m2/repository/org/springframework/cloud/spring-cloud-starter-consul/2.2.2.RELEASE/spring-cloud-starter-consul-2.2.2.RELEASE.jar:/home/stefan/.m2/repository/org/springframework/cloud/spring-cloud-consul-core/2.2.2.RELEASE/spring-cloud-consul-core-2.2.2.RELEASE.jar:/home/stefan/.m2/repository/com/ecwid/consul/consul-api/1.4.1/consul-api-1.4.1.jar:/home/stefan/.m2/repository/com/google/code/gson/gson/2.8.6/gson-2.8.6.jar:/home/stefan/.m2/repository/org/apache/httpcomponents/httpclient/4.5.12/httpclient-4.5.12.jar:/home/stefan/.m2/repository/commons-codec/commons-codec/1.13/commons-codec-1.13.jar:/home/stefan/.m2/repository/org/apache/httpcomponents/httpcore/4.4.13/httpcore-4.4.13.jar:/home/stefan/.m2/repository/org/springframework/cloud/spring-cloud-consul-binder/2.2.2.RELEASE/spring-cloud-consul-binder-2.2.2.RELEASE.jar:/home/stefan/.m2/repository/org/springframework/cloud/spring-cloud-stream/3.0.3.RELEASE/spring-cloud-stream-3.0.3.RELEASE.jar:/home/stefan/.m2/repository/org/springframework/spring-messaging/5.2.5.RELEASE/spring-messaging-5.2.5.RELEASE.jar:/home/stefan/.m2/repository/org/springframework/integration/spring-integration-jmx/5.2.5.RELEASE/spring-integration-jmx-5.2.5.RELEASE.jar:/home/stefan/.m2/repository/org/springframework/retry/spring-retry/1.2.5.RELEASE/spring-retry-1.2.5.RELEASE.jar:/home/stefan/.m2/repository/org/springframework/cloud/spring-cloud-function-context/3.0.3.RELEASE/spring-cloud-function-context-3.0.3.RELEASE.jar:/home/stefan/.m2/repository/org/springframework/cloud/spring-cloud-function-core/3.0.3.RELEASE/spring-cloud-function-core-3.0.3.RELEASE.jar:/home/stefan/.m2/repository/org/springframework/cloud/spring-cloud-bus/2.2.1.RELEASE/spring-cloud-bus-2.2.1.RELEASE.jar:/home/stefan/.m2/repository/org/springframework/integration/spring-integration-core/5.2.5.RELEASE/spring-integration-core-5.2.5.RELEASE.jar:/home/stefan/.m2/repository/org/springframework/spring-tx/5.2.5.RELEASE/spring-tx-5.2.5.RELEASE.jar:/home/stefan/.m2/repository/org/springframework/cloud/spring-cloud-starter-consul-config/2.2.2.RELEASE/spring-cloud-starter-consul-config-2.2.2.RELEASE.jar:/home/stefan/.m2/repository/org/springframework/cloud/spring-cloud-consul-config/2.2.2.RELEASE/spring-cloud-consul-config-2.2.2.RELEASE.jar:/home/stefan/.m2/repository/org/springframework/cloud/spring-cloud-starter-consul-discovery/2.2.2.RELEASE/spring-cloud-starter-consul-discovery-2.2.2.RELEASE.jar:/home/stefan/.m2/repository/org/springframework/cloud/spring-cloud-consul-discovery/2.2.2.RELEASE/spring-cloud-consul-discovery-2.2.2.RELEASE.jar:/home/stefan/.m2/repository/commons-configuration/commons-configuration/1.8/commons-configuration-1.8.jar:/home/stefan/.m2/repository/commons-lang/commons-lang/2.6/commons-lang-2.6.jar:/home/stefan/.m2/repository/org/springframework/cloud/spring-cloud-netflix-hystrix/2.2.2.RELEASE/spring-cloud-netflix-hystrix-2.2.2.RELEASE.jar:/home/stefan/.m2/repository/org/springframework/boot/spring-boot-starter-aop/2.2.6.RELEASE/spring-boot-starter-aop-2.2.6.RELEASE.jar:/home/stefan/.m2/repository/org/aspectj/aspectjweaver/1.9.5/aspectjweaver-1.9.5.jar:/home/stefan/.m2/repository/org/springframework/cloud/spring-cloud-starter-netflix-ribbon/2.2.2.RELEASE/spring-cloud-starter-netflix-ribbon-2.2.2.RELEASE.jar:/home/stefan/.m2/repository/org/springframework/cloud/spring-cloud-netflix-ribbon/2.2.2.RELEASE/spring-cloud-netflix-ribbon-2.2.2.RELEASE.jar:/home/stefan/.m2/repository/org/springframework/cloud/spring-cloud-netflix-archaius/2.2.2.RELEASE/spring-cloud-netflix-archaius-2.2.2.RELEASE.jar:/home/stefan/.m2/repository/org/springframework/cloud/spring-cloud-starter-netflix-archaius/2.2.2.RELEASE/spring-cloud-starter-netflix-archaius-2.2.2.RELEASE.jar:/home/stefan/.m2/repository/com/netflix/archaius/archaius-core/0.7.6/archaius-core-0.7.6.jar:/home/stefan/.m2/repository/com/google/code/findbugs/jsr305/3.0.1/jsr305-3.0.1.jar:/home/stefan/.m2/repository/com/netflix/ribbon/ribbon/2.3.0/ribbon-2.3.0.jar:/home/stefan/.m2/repository/com/netflix/ribbon/ribbon-transport/2.3.0/ribbon-transport-2.3.0.jar:/home/stefan/.m2/repository/io/reactivex/rxnetty-contexts/0.4.9/rxnetty-contexts-0.4.9.jar:/home/stefan/.m2/repository/io/reactivex/rxnetty-servo/0.4.9/rxnetty-servo-0.4.9.jar:/home/stefan/.m2/repository/com/netflix/hystrix/hystrix-core/1.4.3/hystrix-core-1.4.3.jar:/home/stefan/.m2/repository/javax/inject/javax.inject/1/javax.inject-1.jar:/home/stefan/.m2/repository/io/reactivex/rxnetty/0.4.9/rxnetty-0.4.9.jar:/home/stefan/.m2/repository/com/google/guava/guava/16.0.1/guava-16.0.1.jar:/home/stefan/.m2/repository/com/netflix/ribbon/ribbon-core/2.3.0/ribbon-core-2.3.0.jar:/home/stefan/.m2/repository/com/netflix/ribbon/ribbon-httpclient/2.3.0/ribbon-httpclient-2.3.0.jar:/home/stefan/.m2/repository/commons-collections/commons-collections/3.2.2/commons-collections-3.2.2.jar:/home/stefan/.m2/repository/com/sun/jersey/jersey-client/1.19.1/jersey-client-1.19.1.jar:/home/stefan/.m2/repository/com/sun/jersey/jersey-core/1.19.1/jersey-core-1.19.1.jar:/home/stefan/.m2/repository/javax/ws/rs/jsr311-api/1.1.1/jsr311-api-1.1.1.jar:/home/stefan/.m2/repository/com/sun/jersey/contribs/jersey-apache-client4/1.19.1/jersey-apache-client4-1.19.1.jar:/home/stefan/.m2/repository/com/netflix/servo/servo-core/0.10.1/servo-core-0.10.1.jar:/home/stefan/.m2/repository/com/netflix/servo/servo-internal/0.10.1/servo-internal-0.10.1.jar:/home/stefan/.m2/repository/com/netflix/netflix-commons/netflix-commons-util/0.1.1/netflix-commons-util-0.1.1.jar:/home/stefan/.m2/repository/com/netflix/ribbon/ribbon-loadbalancer/2.3.0/ribbon-loadbalancer-2.3.0.jar:/home/stefan/.m2/repository/com/netflix/netflix-commons/netflix-statistics/0.1.1/netflix-statistics-0.1.1.jar:/home/stefan/.m2/repository/io/reactivex/rxjava/1.3.8/rxjava-1.3.8.jar:/home/stefan/.m2/repository/org/springframework/cloud/spring-cloud-starter-loadbalancer/2.2.2.RELEASE/spring-cloud-starter-loadbalancer-2.2.2.RELEASE.jar:/home/stefan/.m2/repository/org/springframework/cloud/spring-cloud-loadbalancer/2.2.2.RELEASE/spring-cloud-loadbalancer-2.2.2.RELEASE.jar:/home/stefan/.m2/repository/org/springframework/boot/spring-boot-starter-cache/2.2.6.RELEASE/spring-boot-starter-cache-2.2.6.RELEASE.jar:/home/stefan/.m2/repository/org/springframework/spring-context-support/5.2.5.RELEASE/spring-context-support-5.2.5.RELEASE.jar:/home/stefan/.m2/repository/com/stoyanr/evictor/1.0.0/evictor-1.0.0.jar:/home/stefan/.m2/repository/joda-time/joda-time/2.10.5/joda-time-2.10.5.jar:/home/stefan/.m2/repository/org/springframework/boot/spring-boot-starter-actuator/2.2.6.RELEASE/spring-boot-starter-actuator-2.2.6.RELEASE.jar:/home/stefan/.m2/repository/org/springframework/boot/spring-boot-actuator-autoconfigure/2.2.6.RELEASE/spring-boot-actuator-autoconfigure-2.2.6.RELEASE.jar:/home/stefan/.m2/repository/org/springframework/boot/spring-boot-actuator/2.2.6.RELEASE/spring-boot-actuator-2.2.6.RELEASE.jar:/home/stefan/.m2/repository/com/fasterxml/jackson/core/jackson-databind/2.10.3/jackson-databind-2.10.3.jar:/home/stefan/.m2/repository/com/fasterxml/jackson/core/jackson-annotations/2.10.3/jackson-annotations-2.10.3.jar:/home/stefan/.m2/repository/com/fasterxml/jackson/core/jackson-core/2.10.3/jackson-core-2.10.3.jar:/home/stefan/.m2/repository/com/fasterxml/jackson/datatype/jackson-datatype-jsr310/2.10.3/jackson-datatype-jsr310-2.10.3.jar:/home/stefan/.m2/repository/io/micrometer/micrometer-core/1.3.6/micrometer-core-1.3.6.jar:/home/stefan/.m2/repository/org/hdrhistogram/HdrHistogram/2.1.11/HdrHistogram-2.1.11.jar:/home/stefan/.m2/repository/org/latencyutils/LatencyUtils/2.0.3/LatencyUtils-2.0.3.jar:/home/stefan/.m2/repository/org/springframework/boot/spring-boot-starter-test/2.2.6.RELEASE/spring-boot-starter-test-2.2.6.RELEASE.jar:/home/stefan/.m2/repository/org/springframework/boot/spring-boot-test/2.2.6.RELEASE/spring-boot-test-2.2.6.RELEASE.jar:/home/stefan/.m2/repository/org/springframework/boot/spring-boot-test-autoconfigure/2.2.6.RELEASE/spring-boot-test-autoconfigure-2.2.6.RELEASE.jar:/home/stefan/.m2/repository/com/jayway/jsonpath/json-path/2.4.0/json-path-2.4.0.jar:/home/stefan/.m2/repository/net/minidev/json-smart/2.3/json-smart-2.3.jar:/home/stefan/.m2/repository/net/minidev/accessors-smart/1.2/accessors-smart-1.2.jar:/home/stefan/.m2/repository/org/ow2/asm/asm/5.0.4/asm-5.0.4.jar:/home/stefan/.m2/repository/org/slf4j/slf4j-api/1.7.30/slf4j-api-1.7.30.jar:/home/stefan/.m2/repository/jakarta/xml/bind/jakarta.xml.bind-api/2.3.3/jakarta.xml.bind-api-2.3.3.jar:/home/stefan/.m2/repository/jakarta/activation/jakarta.activation-api/1.2.2/jakarta.activation-api-1.2.2.jar:/home/stefan/.m2/repository/org/junit/jupiter/junit-jupiter/5.5.2/junit-jupiter-5.5.2.jar:/home/stefan/.m2/repository/org/junit/jupiter/junit-jupiter-api/5.5.2/junit-jupiter-api-5.5.2.jar:/home/stefan/.m2/repository/org/apiguardian/apiguardian-api/1.1.0/apiguardian-api-1.1.0.jar:/home/stefan/.m2/repository/org/opentest4j/opentest4j/1.2.0/opentest4j-1.2.0.jar:/home/stefan/.m2/repository/org/junit/platform/junit-platform-commons/1.5.2/junit-platform-commons-1.5.2.jar:/home/stefan/.m2/repository/org/junit/jupiter/junit-jupiter-params/5.5.2/junit-jupiter-params-5.5.2.jar:/home/stefan/.m2/repository/org/junit/jupiter/junit-jupiter-engine/5.5.2/junit-jupiter-engine-5.5.2.jar:/home/stefan/.m2/repository/org/junit/platform/junit-platform-engine/1.5.2/junit-platform-engine-1.5.2.jar:/home/stefan/.m2/repository/org/mockito/mockito-junit-jupiter/3.1.0/mockito-junit-jupiter-3.1.0.jar:/home/stefan/.m2/repository/org/assertj/assertj-core/3.13.2/assertj-core-3.13.2.jar:/home/stefan/.m2/repository/org/hamcrest/hamcrest/2.1/hamcrest-2.1.jar:/home/stefan/.m2/repository/org/mockito/mockito-core/3.1.0/mockito-core-3.1.0.jar:/home/stefan/.m2/repository/net/bytebuddy/byte-buddy/1.10.8/byte-buddy-1.10.8.jar:/home/stefan/.m2/repository/net/bytebuddy/byte-buddy-agent/1.10.8/byte-buddy-agent-1.10.8.jar:/home/stefan/.m2/repository/org/objenesis/objenesis/2.6/objenesis-2.6.jar:/home/stefan/.m2/repository/org/skyscreamer/jsonassert/1.5.0/jsonassert-1.5.0.jar:/home/stefan/.m2/repository/com/vaadin/external/google/android-json/0.0.20131108.vaadin1/android-json-0.0.20131108.vaadin1.jar:/home/stefan/.m2/repository/org/springframework/spring-test/5.2.5.RELEASE/spring-test-5.2.5.RELEASE.jar:/home/stefan/.m2/repository/org/xmlunit/xmlunit-core/2.6.4/xmlunit-core-2.6.4.jar:"/>
    <property name="java.vm.vendor" value="Private Build"/>
    <property name="sun.arch.data.model" value="64"/>
    <property name="java.vendor.url" value="http://java.oracle.com/"/>
    <property name="user.timezone" value=""/>
    <property name="java.vm.specification.version" value="1.8"/>
    <property name="os.name" value="Linux"/>
    <property name="user.country" value="US"/>
    <property name="sun.java.launcher" value="SUN_STANDARD"/>
    <property name="sun.boot.library.path" value="/usr/lib/jvm/java-8-openjdk-amd64/jre/lib/amd64"/>
    <property name="sun.java.command" value="/home/stefan/primer1-xws/services/Gateway/target/surefire/surefirebooter6595681582775349040.jar /home/stefan/primer1-xws/services/Gateway/target/surefire 2020-04-24T15-15-18_509-jvmRun1 surefire5426830460451303773tmp surefire_06592719338375748667tmp"/>
    <property name="surefire.test.class.path" value="/home/stefan/primer1-xws/services/Gateway/target/test-classes:/home/stefan/primer1-xws/services/Gateway/target/classes:/home/stefan/.m2/repository/org/springframework/boot/spring-boot-starter/2.2.6.RELEASE/spring-boot-starter-2.2.6.RELEASE.jar:/home/stefan/.m2/repository/org/springframework/boot/spring-boot/2.2.6.RELEASE/spring-boot-2.2.6.RELEASE.jar:/home/stefan/.m2/repository/org/springframework/spring-context/5.2.5.RELEASE/spring-context-5.2.5.RELEASE.jar:/home/stefan/.m2/repository/org/springframework/spring-aop/5.2.5.RELEASE/spring-aop-5.2.5.RELEASE.jar:/home/stefan/.m2/repository/org/springframework/spring-beans/5.2.5.RELEASE/spring-beans-5.2.5.RELEASE.jar:/home/stefan/.m2/repository/org/springframework/spring-expression/5.2.5.RELEASE/spring-expression-5.2.5.RELEASE.jar:/home/stefan/.m2/repository/org/springframework/boot/spring-boot-autoconfigure/2.2.6.RELEASE/spring-boot-autoconfigure-2.2.6.RELEASE.jar:/home/stefan/.m2/repository/org/springframework/boot/spring-boot-starter-logging/2.2.6.RELEASE/spring-boot-starter-logging-2.2.6.RELEASE.jar:/home/stefan/.m2/repository/ch/qos/logback/logback-classic/1.2.3/logback-classic-1.2.3.jar:/home/stefan/.m2/repository/ch/qos/logback/logback-core/1.2.3/logback-core-1.2.3.jar:/home/stefan/.m2/repository/org/apache/logging/log4j/log4j-to-slf4j/2.12.1/log4j-to-slf4j-2.12.1.jar:/home/stefan/.m2/repository/org/apache/logging/log4j/log4j-api/2.12.1/log4j-api-2.12.1.jar:/home/stefan/.m2/repository/org/slf4j/jul-to-slf4j/1.7.30/jul-to-slf4j-1.7.30.jar:/home/stefan/.m2/repository/jakarta/annotation/jakarta.annotation-api/1.3.5/jakarta.annotation-api-1.3.5.jar:/home/stefan/.m2/repository/org/springframework/spring-core/5.2.5.RELEASE/spring-core-5.2.5.RELEASE.jar:/home/stefan/.m2/repository/org/springframework/spring-jcl/5.2.5.RELEASE/spring-jcl-5.2.5.RELEASE.jar:/home/stefan/.m2/repository/org/yaml/snakeyaml/1.25/snakeyaml-1.25.jar:/home/stefan/.m2/repository/org/springframework/cloud/spring-cloud-starter-gateway/2.2.2.RELEASE/spring-cloud-starter-gateway-2.2.2.RELEASE.jar:/home/stefan/.m2/repository/org/springframework/cloud/spring-cloud-starter/2.2.2.RELEASE/spring-cloud-starter-2.2.2.RELEASE.jar:/home/stefan/.m2/repository/org/springframework/cloud/spring-cloud-context/2.2.2.RELEASE/spring-cloud-context-2.2.2.RELEASE.jar:/home/stefan/.m2/repository/org/springframework/security/spring-security-crypto/5.2.2.RELEASE/spring-security-crypto-5.2.2.RELEASE.jar:/home/stefan/.m2/repository/org/springframework/cloud/spring-cloud-commons/2.2.2.RELEASE/spring-cloud-commons-2.2.2.RELEASE.jar:/home/stefan/.m2/repository/org/springframework/security/spring-security-rsa/1.0.9.RELEASE/spring-security-rsa-1.0.9.RELEASE.jar:/home/stefan/.m2/repository/org/bouncycastle/bcpkix-jdk15on/1.64/bcpkix-jdk15on-1.64.jar:/home/stefan/.m2/repository/org/bouncycastle/bcprov-jdk15on/1.64/bcprov-jdk15on-1.64.jar:/home/stefan/.m2/repository/org/springframework/cloud/spring-cloud-gateway-core/2.2.2.RELEASE/spring-cloud-gateway-core-2.2.2.RELEASE.jar:/home/stefan/.m2/repository/io/projectreactor/addons/reactor-extra/3.3.3.RELEASE/reactor-extra-3.3.3.RELEASE.jar:/home/stefan/.m2/repository/io/projectreactor/reactor-core/3.3.4.RELEASE/reactor-core-3.3.4.RELEASE.jar:/home/stefan/.m2/repository/org/reactivestreams/reactive-streams/1.0.3/reactive-streams-1.0.3.jar:/home/stefan/.m2/repository/org/springframework/boot/spring-boot-starter-webflux/2.2.6.RELEASE/spring-boot-starter-webflux-2.2.6.RELEASE.jar:/home/stefan/.m2/repository/org/springframework/boot/spring-boot-starter-json/2.2.6.RELEASE/spring-boot-starter-json-2.2.6.RELEASE.jar:/home/stefan/.m2/repository/com/fasterxml/jackson/datatype/jackson-datatype-jdk8/2.10.3/jackson-datatype-jdk8-2.10.3.jar:/home/stefan/.m2/repository/com/fasterxml/jackson/module/jackson-module-parameter-names/2.10.3/jackson-module-parameter-names-2.10.3.jar:/home/stefan/.m2/repository/org/springframework/boot/spring-boot-starter-reactor-netty/2.2.6.RELEASE/spring-boot-starter-reactor-netty-2.2.6.RELEASE.jar:/home/stefan/.m2/repository/io/projectreactor/netty/reactor-netty/0.9.6.RELEASE/reactor-netty-0.9.6.RELEASE.jar:/home/stefan/.m2/repository/io/netty/netty-codec-http/4.1.48.Final/netty-codec-http-4.1.48.Final.jar:/home/stefan/.m2/repository/io/netty/netty-common/4.1.48.Final/netty-common-4.1.48.Final.jar:/home/stefan/.m2/repository/io/netty/netty-buffer/4.1.48.Final/netty-buffer-4.1.48.Final.jar:/home/stefan/.m2/repository/io/netty/netty-transport/4.1.48.Final/netty-transport-4.1.48.Final.jar:/home/stefan/.m2/repository/io/netty/netty-codec/4.1.48.Final/netty-codec-4.1.48.Final.jar:/home/stefan/.m2/repository/io/netty/netty-codec-http2/4.1.48.Final/netty-codec-http2-4.1.48.Final.jar:/home/stefan/.m2/repository/io/netty/netty-handler/4.1.48.Final/netty-handler-4.1.48.Final.jar:/home/stefan/.m2/repository/io/netty/netty-resolver/4.1.48.Final/netty-resolver-4.1.48.Final.jar:/home/stefan/.m2/repository/io/netty/netty-handler-proxy/4.1.48.Final/netty-handler-proxy-4.1.48.Final.jar:/home/stefan/.m2/repository/io/netty/netty-codec-socks/4.1.48.Final/netty-codec-socks-4.1.48.Final.jar:/home/stefan/.m2/repository/io/netty/netty-transport-native-epoll/4.1.48.Final/netty-transport-native-epoll-4.1.48.Final-linux-x86_64.jar:/home/stefan/.m2/repository/io/netty/netty-transport-native-unix-common/4.1.48.Final/netty-transport-native-unix-common-4.1.48.Final.jar:/home/stefan/.m2/repository/org/glassfish/jakarta.el/3.0.3/jakarta.el-3.0.3.jar:/home/stefan/.m2/repository/org/springframework/boot/spring-boot-starter-validation/2.2.6.RELEASE/spring-boot-starter-validation-2.2.6.RELEASE.jar:/home/stefan/.m2/repository/jakarta/validation/jakarta.validation-api/2.0.2/jakarta.validation-api-2.0.2.jar:/home/stefan/.m2/repository/org/hibernate/validator/hibernate-validator/6.0.18.Final/hibernate-validator-6.0.18.Final.jar:/home/stefan/.m2/repository/org/jboss/logging/jboss-logging/3.4.1.Final/jboss-logging-3.4.1.Final.jar:/home/stefan/.m2/repository/com/fasterxml/classmate/1.5.1/classmate-1.5.1.jar:/home/stefan/.m2/repository/org/springframework/spring-web/5.2.5.RELEASE/spring-web-5.2.5.RELEASE.jar:/home/stefan/.m2/repository/org/springframework/spring-webflux/5.2.5.RELEASE/spring-webflux-5.2.5.RELEASE.jar:/home/stefan/.m2/repository/org/synchronoss/cloud/nio-multipart-parser/1.1.0/nio-multipart-parser-1.1.0.jar:/home/stefan/.m2/repository/org/synchronoss/cloud/nio-stream-storage/1.1.3/nio-stream-storage-1.1.3.jar:/home/stefan/.m2/repository/org/springframework/cloud/spring-cloud-starter-consul-all/2.2.2.RELEASE/spring-cloud-starter-consul-all-2.2.2.RELEASE.jar:/home/stefan/.m2/repository/org/springframework/cloud/spring-cloud-starter-consul-bus/2.2.2.RELEASE/spring-cloud-starter-consul-bus-2.2.2.RELEASE.jar:/home/stefan/.m2/repository/org/springframework/cloud/spring-cloud-starter-consul/2.2.2.RELEASE/spring-cloud-starter-consul-2.2.2.RELEASE.jar:/home/stefan/.m2/repository/org/springframework/cloud/spring-cloud-consul-core/2.2.2.RELEASE/spring-cloud-consul-core-2.2.2.RELEASE.jar:/home/stefan/.m2/repository/com/ecwid/consul/consul-api/1.4.1/consul-api-1.4.1.jar:/home/stefan/.m2/repository/com/google/code/gson/gson/2.8.6/gson-2.8.6.jar:/home/stefan/.m2/repository/org/apache/httpcomponents/httpclient/4.5.12/httpclient-4.5.12.jar:/home/stefan/.m2/repository/commons-codec/commons-codec/1.13/commons-codec-1.13.jar:/home/stefan/.m2/repository/org/apache/httpcomponents/httpcore/4.4.13/httpcore-4.4.13.jar:/home/stefan/.m2/repository/org/springframework/cloud/spring-cloud-consul-binder/2.2.2.RELEASE/spring-cloud-consul-binder-2.2.2.RELEASE.jar:/home/stefan/.m2/repository/org/springframework/cloud/spring-cloud-stream/3.0.3.RELEASE/spring-cloud-stream-3.0.3.RELEASE.jar:/home/stefan/.m2/repository/org/springframework/spring-messaging/5.2.5.RELEASE/spring-messaging-5.2.5.RELEASE.jar:/home/stefan/.m2/repository/org/springframework/integration/spring-integration-jmx/5.2.5.RELEASE/spring-integration-jmx-5.2.5.RELEASE.jar:/home/stefan/.m2/repository/org/springframework/retry/spring-retry/1.2.5.RELEASE/spring-retry-1.2.5.RELEASE.jar:/home/stefan/.m2/repository/org/springframework/cloud/spring-cloud-function-context/3.0.3.RELEASE/spring-cloud-function-context-3.0.3.RELEASE.jar:/home/stefan/.m2/repository/org/springframework/cloud/spring-cloud-function-core/3.0.3.RELEASE/spring-cloud-function-core-3.0.3.RELEASE.jar:/home/stefan/.m2/repository/org/springframework/cloud/spring-cloud-bus/2.2.1.RELEASE/spring-cloud-bus-2.2.1.RELEASE.jar:/home/stefan/.m2/repository/org/springframework/integration/spring-integration-core/5.2.5.RELEASE/spring-integration-core-5.2.5.RELEASE.jar:/home/stefan/.m2/repository/org/springframework/spring-tx/5.2.5.RELEASE/spring-tx-5.2.5.RELEASE.jar:/home/stefan/.m2/repository/org/springframework/cloud/spring-cloud-starter-consul-config/2.2.2.RELEASE/spring-cloud-starter-consul-config-2.2.2.RELEASE.jar:/home/stefan/.m2/repository/org/springframework/cloud/spring-cloud-consul-config/2.2.2.RELEASE/spring-cloud-consul-config-2.2.2.RELEASE.jar:/home/stefan/.m2/repository/org/springframework/cloud/spring-cloud-starter-consul-discovery/2.2.2.RELEASE/spring-cloud-starter-consul-discovery-2.2.2.RELEASE.jar:/home/stefan/.m2/repository/org/springframework/cloud/spring-cloud-consul-discovery/2.2.2.RELEASE/spring-cloud-consul-discovery-2.2.2.RELEASE.jar:/home/stefan/.m2/repository/commons-configuration/commons-configuration/1.8/commons-configuration-1.8.jar:/home/stefan/.m2/repository/commons-lang/commons-lang/2.6/commons-lang-2.6.jar:/home/stefan/.m2/repository/org/springframework/cloud/spring-cloud-netflix-hystrix/2.2.2.RELEASE/spring-cloud-netflix-hystrix-2.2.2.RELEASE.jar:/home/stefan/.m2/repository/org/springframework/boot/spring-boot-starter-aop/2.2.6.RELEASE/spring-boot-starter-aop-2.2.6.RELEASE.jar:/home/stefan/.m2/repository/org/aspectj/aspectjweaver/1.9.5/aspectjweaver-1.9.5.jar:/home/stefan/.m2/repository/org/springframework/cloud/spring-cloud-starter-netflix-ribbon/2.2.2.RELEASE/spring-cloud-starter-netflix-ribbon-2.2.2.RELEASE.jar:/home/stefan/.m2/repository/org/springframework/cloud/spring-cloud-netflix-ribbon/2.2.2.RELEASE/spring-cloud-netflix-ribbon-2.2.2.RELEASE.jar:/home/stefan/.m2/repository/org/springframework/cloud/spring-cloud-netflix-archaius/2.2.2.RELEASE/spring-cloud-netflix-archaius-2.2.2.RELEASE.jar:/home/stefan/.m2/repository/org/springframework/cloud/spring-cloud-starter-netflix-archaius/2.2.2.RELEASE/spring-cloud-starter-netflix-archaius-2.2.2.RELEASE.jar:/home/stefan/.m2/repository/com/netflix/archaius/archaius-core/0.7.6/archaius-core-0.7.6.jar:/home/stefan/.m2/repository/com/google/code/findbugs/jsr305/3.0.1/jsr305-3.0.1.jar:/home/stefan/.m2/repository/com/netflix/ribbon/ribbon/2.3.0/ribbon-2.3.0.jar:/home/stefan/.m2/repository/com/netflix/ribbon/ribbon-transport/2.3.0/ribbon-transport-2.3.0.jar:/home/stefan/.m2/repository/io/reactivex/rxnetty-contexts/0.4.9/rxnetty-contexts-0.4.9.jar:/home/stefan/.m2/repository/io/reactivex/rxnetty-servo/0.4.9/rxnetty-servo-0.4.9.jar:/home/stefan/.m2/repository/com/netflix/hystrix/hystrix-core/1.4.3/hystrix-core-1.4.3.jar:/home/stefan/.m2/repository/javax/inject/javax.inject/1/javax.inject-1.jar:/home/stefan/.m2/repository/io/reactivex/rxnetty/0.4.9/rxnetty-0.4.9.jar:/home/stefan/.m2/repository/com/google/guava/guava/16.0.1/guava-16.0.1.jar:/home/stefan/.m2/repository/com/netflix/ribbon/ribbon-core/2.3.0/ribbon-core-2.3.0.jar:/home/stefan/.m2/repository/com/netflix/ribbon/ribbon-httpclient/2.3.0/ribbon-httpclient-2.3.0.jar:/home/stefan/.m2/repository/commons-collections/commons-collections/3.2.2/commons-collections-3.2.2.jar:/home/stefan/.m2/repository/com/sun/jersey/jersey-client/1.19.1/jersey-client-1.19.1.jar:/home/stefan/.m2/repository/com/sun/jersey/jersey-core/1.19.1/jersey-core-1.19.1.jar:/home/stefan/.m2/repository/javax/ws/rs/jsr311-api/1.1.1/jsr311-api-1.1.1.jar:/home/stefan/.m2/repository/com/sun/jersey/contribs/jersey-apache-client4/1.19.1/jersey-apache-client4-1.19.1.jar:/home/stefan/.m2/repository/com/netflix/servo/servo-core/0.10.1/servo-core-0.10.1.jar:/home/stefan/.m2/repository/com/netflix/servo/servo-internal/0.10.1/servo-internal-0.10.1.jar:/home/stefan/.m2/repository/com/netflix/netflix-commons/netflix-commons-util/0.1.1/netflix-commons-util-0.1.1.jar:/home/stefan/.m2/repository/com/netflix/ribbon/ribbon-loadbalancer/2.3.0/ribbon-loadbalancer-2.3.0.jar:/home/stefan/.m2/repository/com/netflix/netflix-commons/netflix-statistics/0.1.1/netflix-statistics-0.1.1.jar:/home/stefan/.m2/repository/io/reactivex/rxjava/1.3.8/rxjava-1.3.8.jar:/home/stefan/.m2/repository/org/springframework/cloud/spring-cloud-starter-loadbalancer/2.2.2.RELEASE/spring-cloud-starter-loadbalancer-2.2.2.RELEASE.jar:/home/stefan/.m2/repository/org/springframework/cloud/spring-cloud-loadbalancer/2.2.2.RELEASE/spring-cloud-loadbalancer-2.2.2.RELEASE.jar:/home/stefan/.m2/repository/org/springframework/boot/spring-boot-starter-cache/2.2.6.RELEASE/spring-boot-starter-cache-2.2.6.RELEASE.jar:/home/stefan/.m2/repository/org/springframework/spring-context-support/5.2.5.RELEASE/spring-context-support-5.2.5.RELEASE.jar:/home/stefan/.m2/repository/com/stoyanr/evictor/1.0.0/evictor-1.0.0.jar:/home/stefan/.m2/repository/joda-time/joda-time/2.10.5/joda-time-2.10.5.jar:/home/stefan/.m2/repository/org/springframework/boot/spring-boot-starter-actuator/2.2.6.RELEASE/spring-boot-starter-actuator-2.2.6.RELEASE.jar:/home/stefan/.m2/repository/org/springframework/boot/spring-boot-actuator-autoconfigure/2.2.6.RELEASE/spring-boot-actuator-autoconfigure-2.2.6.RELEASE.jar:/home/stefan/.m2/repository/org/springframework/boot/spring-boot-actuator/2.2.6.RELEASE/spring-boot-actuator-2.2.6.RELEASE.jar:/home/stefan/.m2/repository/com/fasterxml/jackson/core/jackson-databind/2.10.3/jackson-databind-2.10.3.jar:/home/stefan/.m2/repository/com/fasterxml/jackson/core/jackson-annotations/2.10.3/jackson-annotations-2.10.3.jar:/home/stefan/.m2/repository/com/fasterxml/jackson/core/jackson-core/2.10.3/jackson-core-2.10.3.jar:/home/stefan/.m2/repository/com/fasterxml/jackson/datatype/jackson-datatype-jsr310/2.10.3/jackson-datatype-jsr310-2.10.3.jar:/home/stefan/.m2/repository/io/micrometer/micrometer-core/1.3.6/micrometer-core-1.3.6.jar:/home/stefan/.m2/repository/org/hdrhistogram/HdrHistogram/2.1.11/HdrHistogram-2.1.11.jar:/home/stefan/.m2/repository/org/latencyutils/LatencyUtils/2.0.3/LatencyUtils-2.0.3.jar:/home/stefan/.m2/repository/org/springframework/boot/spring-boot-starter-test/2.2.6.RELEASE/spring-boot-starter-test-2.2.6.RELEASE.jar:/home/stefan/.m2/repository/org/springframework/boot/spring-boot-test/2.2.6.RELEASE/spring-boot-test-2.2.6.RELEASE.jar:/home/stefan/.m2/repository/org/springframework/boot/spring-boot-test-autoconfigure/2.2.6.RELEASE/spring-boot-test-autoconfigure-2.2.6.RELEASE.jar:/home/stefan/.m2/repository/com/jayway/jsonpath/json-path/2.4.0/json-path-2.4.0.jar:/home/stefan/.m2/repository/net/minidev/json-smart/2.3/json-smart-2.3.jar:/home/stefan/.m2/repository/net/minidev/accessors-smart/1.2/accessors-smart-1.2.jar:/home/stefan/.m2/repository/org/ow2/asm/asm/5.0.4/asm-5.0.4.jar:/home/stefan/.m2/repository/org/slf4j/slf4j-api/1.7.30/slf4j-api-1.7.30.jar:/home/stefan/.m2/repository/jakarta/xml/bind/jakarta.xml.bind-api/2.3.3/jakarta.xml.bind-api-2.3.3.jar:/home/stefan/.m2/repository/jakarta/activation/jakarta.activation-api/1.2.2/jakarta.activation-api-1.2.2.jar:/home/stefan/.m2/repository/org/junit/jupiter/junit-jupiter/5.5.2/junit-jupiter-5.5.2.jar:/home/stefan/.m2/repository/org/junit/jupiter/junit-jupiter-api/5.5.2/junit-jupiter-api-5.5.2.jar:/home/stefan/.m2/repository/org/apiguardian/apiguardian-api/1.1.0/apiguardian-api-1.1.0.jar:/home/stefan/.m2/repository/org/opentest4j/opentest4j/1.2.0/opentest4j-1.2.0.jar:/home/stefan/.m2/repository/org/junit/platform/junit-platform-commons/1.5.2/junit-platform-commons-1.5.2.jar:/home/stefan/.m2/repository/org/junit/jupiter/junit-jupiter-params/5.5.2/junit-jupiter-params-5.5.2.jar:/home/stefan/.m2/repository/org/junit/jupiter/junit-jupiter-engine/5.5.2/junit-jupiter-engine-5.5.2.jar:/home/stefan/.m2/repository/org/junit/platform/junit-platform-engine/1.5.2/junit-platform-engine-1.5.2.jar:/home/stefan/.m2/repository/org/mockito/mockito-junit-jupiter/3.1.0/mockito-junit-jupiter-3.1.0.jar:/home/stefan/.m2/repository/org/assertj/assertj-core/3.13.2/assertj-core-3.13.2.jar:/home/stefan/.m2/repository/org/hamcrest/hamcrest/2.1/hamcrest-2.1.jar:/home/stefan/.m2/repository/org/mockito/mockito-core/3.1.0/mockito-core-3.1.0.jar:/home/stefan/.m2/repository/net/bytebuddy/byte-buddy/1.10.8/byte-buddy-1.10.8.jar:/home/stefan/.m2/repository/net/bytebuddy/byte-buddy-agent/1.10.8/byte-buddy-agent-1.10.8.jar:/home/stefan/.m2/repository/org/objenesis/objenesis/2.6/objenesis-2.6.jar:/home/stefan/.m2/repository/org/skyscreamer/jsonassert/1.5.0/jsonassert-1.5.0.jar:/home/stefan/.m2/repository/com/vaadin/external/google/android-json/0.0.20131108.vaadin1/android-json-0.0.20131108.vaadin1.jar:/home/stefan/.m2/repository/org/springframework/spring-test/5.2.5.RELEASE/spring-test-5.2.5.RELEASE.jar:/home/stefan/.m2/repository/org/xmlunit/xmlunit-core/2.6.4/xmlunit-core-2.6.4.jar:"/>
    <property name="sun.cpu.endian" value="little"/>
    <property name="user.home" value="/home/stefan"/>
    <property name="user.language" value="en"/>
    <property name="java.specification.vendor" value="Oracle Corporation"/>
    <property name="java.home" value="/usr/lib/jvm/java-8-openjdk-amd64/jre"/>
    <property name="basedir" value="/home/stefan/primer1-xws/services/Gateway"/>
    <property name="file.separator" value="/"/>
    <property name="line.separator" value="&#10;"/>
    <property name="java.vm.specification.vendor" value="Oracle Corporation"/>
    <property name="java.specification.name" value="Java Platform API Specification"/>
    <property name="java.awt.graphicsenv" value="sun.awt.X11GraphicsEnvironment"/>
    <property name="surefire.real.class.path" value="/home/stefan/primer1-xws/services/Gateway/target/surefire/surefirebooter6595681582775349040.jar"/>
    <property name="sun.boot.class.path" value="/usr/lib/jvm/java-8-openjdk-amd64/jre/lib/resources.jar:/usr/lib/jvm/java-8-openjdk-amd64/jre/lib/rt.jar:/usr/lib/jvm/java-8-openjdk-amd64/jre/lib/sunrsasign.jar:/usr/lib/jvm/java-8-openjdk-amd64/jre/lib/jsse.jar:/usr/lib/jvm/java-8-openjdk-amd64/jre/lib/jce.jar:/usr/lib/jvm/java-8-openjdk-amd64/jre/lib/charsets.jar:/usr/lib/jvm/java-8-openjdk-amd64/jre/lib/jfr.jar:/usr/lib/jvm/java-8-openjdk-amd64/jre/classes"/>
    <property name="sun.management.compiler" value="HotSpot 64-Bit Tiered Compilers"/>
    <property name="java.runtime.version" value="1.8.0_242-8u242-b08-0ubuntu3~19.10-b08"/>
    <property name="user.name" value="stefan"/>
    <property name="path.separator" value=":"/>
    <property name="os.version" value="5.3.0-7642-generic"/>
    <property name="java.endorsed.dirs" value="/usr/lib/jvm/java-8-openjdk-amd64/jre/lib/endorsed"/>
    <property name="java.runtime.name" value="OpenJDK Runtime Environment"/>
    <property name="file.encoding" value="UTF-8"/>
    <property name="java.vm.name" value="OpenJDK 64-Bit Server VM"/>
    <property name="localRepository" value="/home/stefan/.m2/repository"/>
    <property name="java.vendor.url.bug" value="http://bugreport.sun.com/bugreport/"/>
    <property name="java.io.tmpdir" value="/tmp"/>
    <property name="java.version" value="1.8.0_242"/>
    <property name="user.dir" value="/home/stefan/primer1-xws/services/Gateway"/>
    <property name="os.arch" value="amd64"/>
    <property name="java.vm.specification.name" value="Java Virtual Machine Specification"/>
    <property name="java.awt.printerjob" value="sun.print.PSPrinterJob"/>
    <property name="sun.os.patch.level" value="unknown"/>
    <property name="idea.version2019.3.4" value="true"/>
    <property name="java.library.path" value="/usr/java/packages/lib/amd64:/usr/lib/x86_64-linux-gnu/jni:/lib/x86_64-linux-gnu:/usr/lib/x86_64-linux-gnu:/usr/lib/jni:/lib:/usr/lib"/>
    <property name="java.vm.info" value="mixed mode"/>
    <property name="java.vendor" value="Private Build"/>
    <property name="java.vm.version" value="25.242-b08"/>
    <property name="java.ext.dirs" value="/usr/lib/jvm/java-8-openjdk-amd64/jre/lib/ext:/usr/java/packages/lib/ext"/>
    <property name="sun.io.unicode.encoding" value="UnicodeLittle"/>
    <property name="java.class.version" value="52.0"/>
  </properties>
  <testcase name="contextLoads" classname="rs.ac.uns.ftn.gateway.gateway.GatewayApplicationTests" time="0.11"/>
</testsuite>